Arguments: 
  /Users/mpolyakov/.nvm/versions/node/v9.11.2/bin/node /usr/local/Cellar/yarn/1.9.4/libexec/bin/yarn.js add socket.io: ^1.7.3,

PATH: 
  /usr/local/bin:/usr/bin:/bin:/usr/sbin:/sbin:/Users/mpolyakov/.nvm/versions/node/v9.11.2/bin

Yarn version: 
  1.9.4

Node version: 
  9.11.2

Platform: 
  darwin x64

Trace: 
  Error: socket.io:: Invalid URI "socket.io:/"
      at Request.module.exports.Request.init (/usr/local/Cellar/yarn/1.9.4/libexec/lib/cli.js:137556:31)
      at new Request (/usr/local/Cellar/yarn/1.9.4/libexec/lib/cli.js:137410:8)
      at request (/usr/local/Cellar/yarn/1.9.4/libexec/lib/cli.js:126685:10)
      at RequestManager.execute (/usr/local/Cellar/yarn/1.9.4/libexec/lib/cli.js:64254:15)
      at RequestManager.shiftQueue (/usr/local/Cellar/yarn/1.9.4/libexec/lib/cli.js:64281:10)
      at /usr/local/Cellar/yarn/1.9.4/libexec/lib/cli.js:64032:13
      at new Promise (<anonymous>)
      at new F (/usr/local/Cellar/yarn/1.9.4/libexec/lib/cli.js:23624:28)
      at RequestManager.request (/usr/local/Cellar/yarn/1.9.4/libexec/lib/cli.js:64030:19)
      at NpmRegistry.request (/usr/local/Cellar/yarn/1.9.4/libexec/lib/cli.js:33715:32)

npm manifest: 
  {
      "name": "chuck-norris-jokes",
      "version": "0.0.1",
      "description": "",
      "main": "server.js",
      "scripts": {
          "test": "echo \"Error: no test specified\" && exit 1",
          "start": "node server.js",
          "dev": "nodemon server.js"
      },
      "author": "Auth0",
      "license": "MIT",
      "dependencies": {
          "body-parser": "^1.15.2",
          "cors": "^2.8.1",
          "express": "^4.14.0",
          "express-jwt": "^3.4.0",
          "jwks-rsa": "^1.2.0"
      }
  }

yarn manifest: 
  No manifest

Lockfile: 
  No lockfile
